{"/home/webreflection/code/purified/cjs/index.js":{"path":"/home/webreflection/code/purified/cjs/index.js","s":{"1":3,"2":3,"3":6,"4":3,"5":6,"6":3},"b":{"1":[3,2,2],"2":[3,3]},"f":{"1":6},"fnMap":{"1":{"name":"(anonymous_1)","line":7,"loc":{"start":{"line":7,"column":15},"end":{"line":7,"column":40}}}},"statementMap":{"1":{"start":{"line":2,"column":0},"end":{"line":5,"column":40}},"2":{"start":{"line":7,"column":0},"end":{"line":10,"column":2}},"3":{"start":{"line":8,"column":2},"end":{"line":8,"column":33}},"4":{"start":{"line":8,"column":23},"end":{"line":8,"column":33}},"5":{"start":{"line":9,"column":2},"end":{"line":9,"column":30}},"6":{"start":{"line":12,"column":0},"end":{"line":12,"column":26}}},"branchMap":{"1":{"line":2,"type":"binary-expr","locations":[{"start":{"line":3,"column":2},"end":{"line":3,"column":29}},{"start":{"line":4,"column":2},"end":{"line":4,"column":15}},{"start":{"line":5,"column":5},"end":{"line":5,"column":39}}]},"2":{"line":8,"type":"if","locations":[{"start":{"line":8,"column":2},"end":{"line":8,"column":2}},{"start":{"line":8,"column":2},"end":{"line":8,"column":2}}]}}}}